<?xml version="1.0" encoding="UTF-8"?>
<coverage generated="1573435259811" clover="3.2.0">
  <project timestamp="1573435259811" name="All files">
    <metrics statements="28" coveredstatements="28" conditionals="16" coveredconditionals="16" methods="2" coveredmethods="2" elements="46" coveredelements="46" complexity="0" loc="28" ncloc="28" packages="1" files="1" classes="1"/>
    <file name="cipher.js" path="/Users/bianca/Documents/Javascript/GDL004-cipher/src/cipher.js">
      <metrics statements="28" coveredstatements="28" conditionals="16" coveredconditionals="16" methods="2" coveredmethods="2"/>
      <line num="1" count="1" type="stmt"/>
      <line num="5" count="3" type="stmt"/>
      <line num="7" count="3" type="stmt"/>
      <line num="9" count="55" type="stmt"/>
      <line num="11" count="55" type="cond" truecount="4" falsecount="0"/>
      <line num="13" count="26" type="stmt"/>
      <line num="15" count="26" type="stmt"/>
      <line num="17" count="26" type="stmt"/>
      <line num="18" count="29" type="cond" truecount="4" falsecount="0"/>
      <line num="19" count="26" type="stmt"/>
      <line num="21" count="26" type="stmt"/>
      <line num="23" count="26" type="stmt"/>
      <line num="25" count="3" type="stmt"/>
      <line num="28" count="3" type="stmt"/>
      <line num="31" count="3" type="stmt"/>
      <line num="33" count="3" type="stmt"/>
      <line num="34" count="3" type="stmt"/>
      <line num="35" count="55" type="stmt"/>
      <line num="36" count="55" type="cond" truecount="4" falsecount="0"/>
      <line num="37" count="26" type="stmt"/>
      <line num="39" count="26" type="stmt"/>
      <line num="41" count="26" type="stmt"/>
      <line num="42" count="29" type="cond" truecount="4" falsecount="0"/>
      <line num="43" count="26" type="stmt"/>
      <line num="44" count="26" type="stmt"/>
      <line num="45" count="26" type="stmt"/>
      <line num="47" count="3" type="stmt"/>
      <line num="50" count="3" type="stmt"/>
    </file>
  </project>
</coverage>
