{"/Users/bianca/Documents/Javascript/GDL004-cipher/src/cipher.js": {"path":"/Users/bianca/Documents/Javascript/GDL004-cipher/src/cipher.js","statementMap":{"0":{"start":{"line":1,"column":0},"end":{"line":52,"column":2}},"1":{"start":{"line":5,"column":24},"end":{"line":5,"column":26}},"2":{"start":{"line":7,"column":4},"end":{"line":27,"column":5}},"3":{"start":{"line":9,"column":22},"end":{"line":9,"column":42}},"4":{"start":{"line":11,"column":6},"end":{"line":26,"column":7}},"5":{"start":{"line":13,"column":22},"end":{"line":13,"column":69}},"6":{"start":{"line":15,"column":24},"end":{"line":15,"column":52}},"7":{"start":{"line":17,"column":8},"end":{"line":17,"column":56}},"8":{"start":{"line":18,"column":13},"end":{"line":26,"column":7}},"9":{"start":{"line":19,"column":22},"end":{"line":19,"column":69}},"10":{"start":{"line":21,"column":24},"end":{"line":21,"column":52}},"11":{"start":{"line":23,"column":8},"end":{"line":23,"column":56}},"12":{"start":{"line":25,"column":8},"end":{"line":25,"column":56}},"13":{"start":{"line":28,"column":4},"end":{"line":28,"column":25}},"14":{"start":{"line":31,"column":4},"end":{"line":31,"column":30}},"15":{"start":{"line":33,"column":24},"end":{"line":33,"column":26}},"16":{"start":{"line":34,"column":4},"end":{"line":49,"column":5}},"17":{"start":{"line":35,"column":22},"end":{"line":35,"column":42}},"18":{"start":{"line":36,"column":6},"end":{"line":48,"column":7}},"19":{"start":{"line":37,"column":22},"end":{"line":37,"column":69}},"20":{"start":{"line":39,"column":24},"end":{"line":39,"column":52}},"21":{"start":{"line":41,"column":8},"end":{"line":41,"column":56}},"22":{"start":{"line":42,"column":13},"end":{"line":48,"column":7}},"23":{"start":{"line":43,"column":22},"end":{"line":43,"column":59}},"24":{"start":{"line":44,"column":24},"end":{"line":44,"column":52}},"25":{"start":{"line":45,"column":8},"end":{"line":45,"column":56}},"26":{"start":{"line":47,"column":8},"end":{"line":47,"column":56}},"27":{"start":{"line":50,"column":4},"end":{"line":50,"column":25}}},"fnMap":{"0":{"name":"(anonymous_0)","decl":{"start":{"line":2,"column":2},"end":{"line":2,"column":3}},"loc":{"start":{"line":2,"column":25},"end":{"line":29,"column":3}},"line":2},"1":{"name":"(anonymous_1)","decl":{"start":{"line":30,"column":2},"end":{"line":30,"column":3}},"loc":{"start":{"line":30,"column":25},"end":{"line":51,"column":3}},"line":30}},"branchMap":{"0":{"loc":{"start":{"line":11,"column":6},"end":{"line":26,"column":7}},"type":"if","locations":[{"start":{"line":11,"column":6},"end":{"line":26,"column":7}},{"start":{"line":11,"column":6},"end":{"line":26,"column":7}}],"line":11},"1":{"loc":{"start":{"line":11,"column":10},"end":{"line":11,"column":48}},"type":"binary-expr","locations":[{"start":{"line":11,"column":11},"end":{"line":11,"column":26}},{"start":{"line":11,"column":32},"end":{"line":11,"column":47}}],"line":11},"2":{"loc":{"start":{"line":18,"column":13},"end":{"line":26,"column":7}},"type":"if","locations":[{"start":{"line":18,"column":13},"end":{"line":26,"column":7}},{"start":{"line":18,"column":13},"end":{"line":26,"column":7}}],"line":18},"3":{"loc":{"start":{"line":18,"column":17},"end":{"line":18,"column":56}},"type":"binary-expr","locations":[{"start":{"line":18,"column":18},"end":{"line":18,"column":33}},{"start":{"line":18,"column":39},"end":{"line":18,"column":55}}],"line":18},"4":{"loc":{"start":{"line":36,"column":6},"end":{"line":48,"column":7}},"type":"if","locations":[{"start":{"line":36,"column":6},"end":{"line":48,"column":7}},{"start":{"line":36,"column":6},"end":{"line":48,"column":7}}],"line":36},"5":{"loc":{"start":{"line":36,"column":10},"end":{"line":36,"column":44}},"type":"binary-expr","locations":[{"start":{"line":36,"column":10},"end":{"line":36,"column":25}},{"start":{"line":36,"column":29},"end":{"line":36,"column":44}}],"line":36},"6":{"loc":{"start":{"line":42,"column":13},"end":{"line":48,"column":7}},"type":"if","locations":[{"start":{"line":42,"column":13},"end":{"line":48,"column":7}},{"start":{"line":42,"column":13},"end":{"line":48,"column":7}}],"line":42},"7":{"loc":{"start":{"line":42,"column":17},"end":{"line":42,"column":56}},"type":"binary-expr","locations":[{"start":{"line":42,"column":18},"end":{"line":42,"column":33}},{"start":{"line":42,"column":39},"end":{"line":42,"column":55}}],"line":42}},"s":{"0":1,"1":3,"2":3,"3":55,"4":55,"5":26,"6":26,"7":26,"8":29,"9":26,"10":26,"11":26,"12":3,"13":3,"14":3,"15":3,"16":3,"17":55,"18":55,"19":26,"20":26,"21":26,"22":29,"23":26,"24":26,"25":26,"26":3,"27":3},"f":{"0":3,"1":3},"b":{"0":[26,29],"1":[55,52],"2":[26,3],"3":[29,26],"4":[26,29],"5":[55,52],"6":[26,3],"7":[29,26]},"_coverageSchema":"43e27e138ebf9cfc5966b082cf9a028302ed4184","hash":"f3c8bf340bf409b46113408a7eb2c111845014cb"}
}
