TN:
SF:/Users/bianca/Documents/Javascript/GDL004-cipher/src/cipher.js
FN:2,(anonymous_0)
FN:30,(anonymous_1)
FNF:2
FNH:2
FNDA:3,(anonymous_0)
FNDA:3,(anonymous_1)
DA:1,1
DA:5,3
DA:7,3
DA:9,55
DA:11,55
DA:13,26
DA:15,26
DA:17,26
DA:18,29
DA:19,26
DA:21,26
DA:23,26
DA:25,3
DA:28,3
DA:31,3
DA:33,3
DA:34,3
DA:35,55
DA:36,55
DA:37,26
DA:39,26
DA:41,26
DA:42,29
DA:43,26
DA:44,26
DA:45,26
DA:47,3
DA:50,3
LF:28
LH:28
BRDA:11,0,0,26
BRDA:11,0,1,29
BRDA:11,1,0,55
BRDA:11,1,1,52
BRDA:18,2,0,26
BRDA:18,2,1,3
BRDA:18,3,0,29
BRDA:18,3,1,26
BRDA:36,4,0,26
BRDA:36,4,1,29
BRDA:36,5,0,55
BRDA:36,5,1,52
BRDA:42,6,0,26
BRDA:42,6,1,3
BRDA:42,7,0,29
BRDA:42,7,1,26
BRF:16
BRH:16
end_of_record
